{"/home/maikon/weathernow/src/components/CityCard.vue": {"path":"/home/maikon/weathernow/src/components/CityCard.vue","statementMap":{"0":{"start":{"line":56,"column":15},"end":{"line":56,"column":null}},"1":{"start":{"line":67,"column":4},"end":{"line":67,"column":11}},"2":{"start":{"line":74,"column":22},"end":{"line":74,"column":null}},"3":{"start":{"line":75,"column":6},"end":{"line":75,"column":14}},"4":{"start":{"line":79,"column":6},"end":{"line":85,"column":null}},"5":{"start":{"line":80,"column":8},"end":{"line":80,"column":15}},"6":{"start":{"line":81,"column":13},"end":{"line":85,"column":null}},"7":{"start":{"line":82,"column":8},"end":{"line":82,"column":15}},"8":{"start":{"line":84,"column":8},"end":{"line":84,"column":15}},"9":{"start":{"line":89,"column":6},"end":{"line":91,"column":null}},"10":{"start":{"line":90,"column":8},"end":{"line":90,"column":12}},"11":{"start":{"line":92,"column":6},"end":{"line":92,"column":13}},"12":{"start":{"line":96,"column":17},"end":{"line":96,"column":21}},"13":{"start":{"line":97,"column":6},"end":{"line":97,"column":10}},"14":{"start":{"line":98,"column":20},"end":{"line":98,"column":25}},"15":{"start":{"line":99,"column":22},"end":{"line":99,"column":27}},"16":{"start":{"line":100,"column":22},"end":{"line":100,"column":27}},"17":{"start":{"line":102,"column":21},"end":{"line":102,"column":null}},"18":{"start":{"line":104,"column":6},"end":{"line":104,"column":14}},"19":{"start":{"line":108,"column":6},"end":{"line":108,"column":11}}},"fnMap":{"0":{"name":"(anonymous_0)","decl":{"start":{"line":66,"column":8},"end":{"line":66,"column":14}},"loc":{"start":{"line":66,"column":14},"end":{"line":70,"column":null}}},"1":{"name":"(anonymous_1)","decl":{"start":{"line":73,"column":4},"end":{"line":73,"column":26}},"loc":{"start":{"line":73,"column":33},"end":{"line":76,"column":null}}},"2":{"name":"(anonymous_2)","decl":{"start":{"line":78,"column":4},"end":{"line":78,"column":20}},"loc":{"start":{"line":78,"column":27},"end":{"line":86,"column":null}}},"3":{"name":"(anonymous_3)","decl":{"start":{"line":88,"column":4},"end":{"line":88,"column":14}},"loc":{"start":{"line":88,"column":21},"end":{"line":93,"column":null}}},"4":{"name":"(anonymous_4)","decl":{"start":{"line":95,"column":4},"end":{"line":95,"column":14}},"loc":{"start":{"line":95,"column":26},"end":{"line":105,"column":null}}},"5":{"name":"(anonymous_5)","decl":{"start":{"line":107,"column":4},"end":{"line":107,"column":12}},"loc":{"start":{"line":107,"column":23},"end":{"line":109,"column":null}}}},"branchMap":{"0":{"loc":{"start":{"line":79,"column":6},"end":{"line":85,"column":null}},"type":"if","locations":[{"start":{"line":79,"column":6},"end":{"line":85,"column":null}},{"start":{"line":79,"column":6},"end":{"line":85,"column":null}}]},"1":{"loc":{"start":{"line":81,"column":13},"end":{"line":85,"column":null}},"type":"if","locations":[{"start":{"line":81,"column":13},"end":{"line":85,"column":null}},{"start":{"line":81,"column":13},"end":{"line":85,"column":null}}]},"2":{"loc":{"start":{"line":89,"column":6},"end":{"line":91,"column":null}},"type":"if","locations":[{"start":{"line":89,"column":6},"end":{"line":91,"column":null}},{"start":{"line":89,"column":6},"end":{"line":91,"column":null}}]},"3":{"loc":{"start":{"line":102,"column":35},"end":{"line":102,"column":42}},"type":"cond-expr","locations":[{"start":{"line":102,"column":35},"end":{"line":102,"column":42}},{"start":{"line":102,"column":42},"end":{"line":102,"column":null}}]}},"s":{"0":2,"1":1,"2":1,"3":1,"4":3,"5":1,"6":2,"7":1,"8":1,"9":8,"10":2,"11":8,"12":2,"13":2,"14":2,"15":2,"16":2,"17":2,"18":2,"19":1},"f":{"0":1,"1":1,"2":3,"3":8,"4":2,"5":1},"b":{"0":[1,2],"1":[1,1],"2":[2,6],"3":[1,1]}}
,"/home/maikon/weathernow/src/views/Home.vue": {"path":"/home/maikon/weathernow/src/views/Home.vue","statementMap":{"0":{"start":{"line":27,"column":0},"end":{"line":27,"column":null}},"1":{"start":{"line":29,"column":15},"end":{"line":29,"column":null}},"2":{"start":{"line":31,"column":4},"end":{"line":31,"column":11}},"3":{"start":{"line":46,"column":4},"end":{"line":46,"column":9}},"4":{"start":{"line":47,"column":19},"end":{"line":47,"column":25}},"5":{"start":{"line":49,"column":4},"end":{"line":53,"column":null}},"6":{"start":{"line":50,"column":6},"end":{"line":50,"column":11}},"7":{"start":{"line":52,"column":6},"end":{"line":52,"column":11}},"8":{"start":{"line":58,"column":6},"end":{"line":58,"column":11}},"9":{"start":{"line":59,"column":6},"end":{"line":59,"column":13}},"10":{"start":{"line":61,"column":27},"end":{"line":61,"column":35}},"11":{"start":{"line":65,"column":6},"end":{"line":65,"column":11}},"12":{"start":{"line":66,"column":8},"end":{"line":66,"column":13}},"13":{"start":{"line":67,"column":8},"end":{"line":67,"column":15}},"14":{"start":{"line":70,"column":6},"end":{"line":70,"column":11}},"15":{"start":{"line":72,"column":6},"end":{"line":72,"column":11}},"16":{"start":{"line":73,"column":8},"end":{"line":75,"column":null}},"17":{"start":{"line":74,"column":10},"end":{"line":74,"column":15}},"18":{"start":{"line":76,"column":8},"end":{"line":76,"column":13}},"19":{"start":{"line":81,"column":6},"end":{"line":81,"column":11}},"20":{"start":{"line":82,"column":23},"end":{"line":82,"column":34}},"21":{"start":{"line":84,"column":6},"end":{"line":86,"column":null}},"22":{"start":{"line":85,"column":8},"end":{"line":85,"column":13}},"23":{"start":{"line":88,"column":6},"end":{"line":88,"column":11}},"24":{"start":{"line":89,"column":6},"end":{"line":89,"column":11}},"25":{"start":{"line":93,"column":25},"end":{"line":93,"column":null}},"26":{"start":{"line":94,"column":6},"end":{"line":94,"column":12}},"27":{"start":{"line":95,"column":8},"end":{"line":95,"column":13}},"28":{"start":{"line":97,"column":27},"end":{"line":97,"column":32}},"29":{"start":{"line":97,"column":58},"end":{"line":97,"column":null}},"30":{"start":{"line":98,"column":8},"end":{"line":100,"column":null}},"31":{"start":{"line":99,"column":10},"end":{"line":99,"column":15}},"32":{"start":{"line":105,"column":6},"end":{"line":105,"column":11}},"33":{"start":{"line":109,"column":6},"end":{"line":109,"column":12}},"34":{"start":{"line":113,"column":21},"end":{"line":113,"column":27}},"35":{"start":{"line":114,"column":25},"end":{"line":114,"column":29}},"36":{"start":{"line":115,"column":6},"end":{"line":115,"column":16}},"37":{"start":{"line":116,"column":6},"end":{"line":116,"column":12}}},"fnMap":{"0":{"name":"(anonymous_0)","decl":{"start":{"line":30,"column":2},"end":{"line":30,"column":6}},"loc":{"start":{"line":30,"column":9},"end":{"line":39,"column":null}}},"1":{"name":"(anonymous_1)","decl":{"start":{"line":45,"column":2},"end":{"line":45,"column":9}},"loc":{"start":{"line":45,"column":12},"end":{"line":54,"column":null}}},"2":{"name":"(anonymous_2)","decl":{"start":{"line":57,"column":4},"end":{"line":57,"column":9}},"loc":{"start":{"line":57,"column":16},"end":{"line":62,"column":null}}},"3":{"name":"(anonymous_3)","decl":{"start":{"line":61,"column":14},"end":{"line":61,"column":27}},"loc":{"start":{"line":61,"column":27},"end":{"line":61,"column":35}}},"4":{"name":"(anonymous_4)","decl":{"start":{"line":64,"column":4},"end":{"line":64,"column":10}},"loc":{"start":{"line":64,"column":27},"end":{"line":78,"column":null}}},"5":{"name":"(anonymous_5)","decl":{"start":{"line":65,"column":38},"end":{"line":65,"column":39}},"loc":{"start":{"line":65,"column":55},"end":{"line":68,"column":null}}},"6":{"name":"(anonymous_6)","decl":{"start":{"line":72,"column":26},"end":{"line":72,"column":27}},"loc":{"start":{"line":72,"column":43},"end":{"line":77,"column":null}}},"7":{"name":"(anonymous_7)","decl":{"start":{"line":80,"column":4},"end":{"line":80,"column":10}},"loc":{"start":{"line":80,"column":35},"end":{"line":90,"column":null}}},"8":{"name":"(anonymous_8)","decl":{"start":{"line":92,"column":4},"end":{"line":92,"column":24}},"loc":{"start":{"line":92,"column":27},"end":{"line":102,"column":null}}},"9":{"name":"(anonymous_9)","decl":{"start":{"line":94,"column":25},"end":{"line":94,"column":31}},"loc":{"start":{"line":94,"column":31},"end":{"line":101,"column":9}}},"10":{"name":"(anonymous_10)","decl":{"start":{"line":97,"column":49},"end":{"line":97,"column":58}},"loc":{"start":{"line":97,"column":58},"end":{"line":97,"column":null}}},"11":{"name":"(anonymous_11)","decl":{"start":{"line":104,"column":4},"end":{"line":104,"column":23}},"loc":{"start":{"line":104,"column":32},"end":{"line":106,"column":null}}},"12":{"name":"(anonymous_12)","decl":{"start":{"line":108,"column":4},"end":{"line":108,"column":23}},"loc":{"start":{"line":108,"column":26},"end":{"line":110,"column":null}}},"13":{"name":"(anonymous_13)","decl":{"start":{"line":112,"column":4},"end":{"line":112,"column":27}},"loc":{"start":{"line":112,"column":45},"end":{"line":117,"column":null}}}},"branchMap":{"0":{"loc":{"start":{"line":49,"column":4},"end":{"line":53,"column":null}},"type":"if","locations":[{"start":{"line":49,"column":4},"end":{"line":53,"column":null}},{"start":{"line":49,"column":4},"end":{"line":53,"column":null}}]},"1":{"loc":{"start":{"line":73,"column":8},"end":{"line":75,"column":null}},"type":"if","locations":[{"start":{"line":73,"column":8},"end":{"line":75,"column":null}},{"start":{"line":73,"column":8},"end":{"line":75,"column":null}}]},"2":{"loc":{"start":{"line":84,"column":6},"end":{"line":86,"column":null}},"type":"if","locations":[{"start":{"line":84,"column":6},"end":{"line":86,"column":null}},{"start":{"line":84,"column":6},"end":{"line":86,"column":null}}]},"3":{"loc":{"start":{"line":98,"column":8},"end":{"line":100,"column":null}},"type":"if","locations":[{"start":{"line":98,"column":8},"end":{"line":100,"column":null}},{"start":{"line":98,"column":8},"end":{"line":100,"column":null}}]}},"s":{"0":1,"1":1,"2":2,"3":2,"4":2,"5":2,"6":1,"7":1,"8":17,"9":17,"10":17,"11":5,"12":15,"13":15,"14":5,"15":5,"16":15,"17":2,"18":15,"19":2,"20":2,"21":2,"22":1,"23":2,"24":2,"25":4,"26":4,"27":3,"28":3,"29":2,"30":3,"31":1,"32":2,"33":5,"34":2,"35":2,"36":2,"37":2},"f":{"0":2,"1":2,"2":17,"3":17,"4":5,"5":15,"6":15,"7":2,"8":4,"9":3,"10":2,"11":2,"12":5,"13":2},"b":{"0":[1,1],"1":[2,13],"2":[1,1],"3":[1,2]}}
}
