TN:
SF:/home/maikon/weathernow/src/components/CityCard.vue
FN:66,(anonymous_0)
FN:73,(anonymous_1)
FN:78,(anonymous_2)
FN:88,(anonymous_3)
FN:95,(anonymous_4)
FN:107,(anonymous_5)
FNF:6
FNH:6
FNDA:1,(anonymous_0)
FNDA:1,(anonymous_1)
FNDA:3,(anonymous_2)
FNDA:8,(anonymous_3)
FNDA:2,(anonymous_4)
FNDA:1,(anonymous_5)
DA:56,2
DA:67,1
DA:74,1
DA:75,1
DA:79,3
DA:80,1
DA:81,2
DA:82,1
DA:84,1
DA:89,8
DA:90,2
DA:92,8
DA:96,2
DA:97,2
DA:98,2
DA:99,2
DA:100,2
DA:102,2
DA:104,2
DA:108,1
LF:20
LH:20
BRDA:79,0,0,1
BRDA:79,0,1,2
BRDA:81,1,0,1
BRDA:81,1,1,1
BRDA:89,2,0,2
BRDA:89,2,1,6
BRDA:102,3,0,1
BRDA:102,3,1,1
BRF:8
BRH:8
end_of_record
TN:
SF:/home/maikon/weathernow/src/views/Home.vue
FN:30,(anonymous_0)
FN:45,(anonymous_1)
FN:57,(anonymous_2)
FN:61,(anonymous_3)
FN:64,(anonymous_4)
FN:65,(anonymous_5)
FN:72,(anonymous_6)
FN:80,(anonymous_7)
FN:92,(anonymous_8)
FN:94,(anonymous_9)
FN:97,(anonymous_10)
FN:104,(anonymous_11)
FN:108,(anonymous_12)
FN:112,(anonymous_13)
FNF:14
FNH:14
FNDA:2,(anonymous_0)
FNDA:2,(anonymous_1)
FNDA:17,(anonymous_2)
FNDA:17,(anonymous_3)
FNDA:5,(anonymous_4)
FNDA:15,(anonymous_5)
FNDA:15,(anonymous_6)
FNDA:2,(anonymous_7)
FNDA:4,(anonymous_8)
FNDA:3,(anonymous_9)
FNDA:2,(anonymous_10)
FNDA:2,(anonymous_11)
FNDA:5,(anonymous_12)
FNDA:2,(anonymous_13)
DA:27,1
DA:29,1
DA:31,2
DA:46,2
DA:47,2
DA:49,2
DA:50,1
DA:52,1
DA:58,17
DA:59,17
DA:61,17
DA:65,5
DA:66,15
DA:67,15
DA:70,5
DA:72,5
DA:73,15
DA:74,2
DA:76,15
DA:81,2
DA:82,2
DA:84,2
DA:85,1
DA:88,2
DA:89,2
DA:93,4
DA:94,4
DA:95,3
DA:97,3
DA:98,3
DA:99,1
DA:105,2
DA:109,5
DA:113,2
DA:114,2
DA:115,2
DA:116,2
LF:37
LH:37
BRDA:49,0,0,1
BRDA:49,0,1,1
BRDA:73,1,0,2
BRDA:73,1,1,13
BRDA:84,2,0,1
BRDA:84,2,1,1
BRDA:98,3,0,1
BRDA:98,3,1,2
BRF:8
BRH:8
end_of_record
